# JRE version: OpenJDK Runtime Environment Microsoft-8902769 (17.0.10+7) (build 17.0.10+7-LTS)
# Java VM: OpenJDK 64-Bit Server VM Microsoft-8902769 (17.0.10+7-LTS, mixed mode, sharing, tiered, compressed oops, compressed class ptrs, g1 gc, windows-amd64)
GC Precious Log:
 CPUs: 4 total, 4 available
 Memory: 8077M
 Large Page Support: Disabled
 NUMA Support: Disabled
 Compressed Oops: Enabled (32-bit)
 Heap Region Size: 1M
 Heap Min Capacity: 8M
 Heap Initial Capacity: 128M
 Heap Max Capacity: 2020M
 Pre-touch: Disabled
 Parallel Workers: 4
 Concurrent Workers: 1
 Concurrent Refinement Workers: 4
 Periodic GC: Disabled
Heap:
 garbage-first heap   total 48128K, used 27337K [0x0000000081c00000, 0x0000000100000000)
  region size 1024K, 17 young (17408K), 4 survivors (4096K)
 Metaspace       used 31560K, committed 31808K, reserved 1114112K
  class space    used 3571K, committed 3712K, reserved 1048576K
GC Heap History (10 events):
Event: 3.923 GC heap before
{Heap before GC invocations=0 (full 0):
 garbage-first heap   total 131072K, used 16384K [0x0000000081c00000, 0x0000000100000000)
  region size 1024K, 13 young (13312K), 0 survivors (0K)
 Metaspace       used 4493K, committed 4672K, reserved 1114112K
  class space    used 437K, committed 512K, reserved 1048576K
}
Event: 3.951 GC heap after
{Heap after GC invocations=1 (full 0):
 garbage-first heap   total 131072K, used 8162K [0x0000000081c00000, 0x0000000100000000)
  region size 1024K, 2 young (2048K), 2 survivors (2048K)
 Metaspace       used 4493K, committed 4672K, reserved 1114112K
  class space    used 437K, committed 512K, reserved 1048576K
}
Event: 4.818 GC heap before
{Heap before GC invocations=1 (full 0):
 garbage-first heap   total 131072K, used 20450K [0x0000000081c00000, 0x0000000100000000)
  region size 1024K, 14 young (14336K), 2 survivors (2048K)
 Metaspace       used 8946K, committed 9088K, reserved 1114112K
  class space    used 868K, committed 960K, reserved 1048576K
}
Event: 4.822 GC heap after
{Heap after GC invocations=2 (full 0):
 garbage-first heap   total 131072K, used 8996K [0x0000000081c00000, 0x0000000100000000)
  region size 1024K, 1 young (1024K), 1 survivors (1024K)
 Metaspace       used 8946K, committed 9088K, reserved 1114112K
  class space    used 868K, committed 960K, reserved 1048576K
}
Event: 9.177 GC heap before
{Heap before GC invocations=2 (full 0):
 garbage-first heap   total 131072K, used 38692K [0x0000000081c00000, 0x0000000100000000)
  region size 1024K, 30 young (30720K), 1 survivors (1024K)
 Metaspace       used 17499K, committed 17728K, reserved 1114112K
  class space    used 1914K, committed 1984K, reserved 1048576K
}
Event: 9.182 GC heap after
{Heap after GC invocations=3 (full 0):
 garbage-first heap   total 131072K, used 10488K [0x0000000081c00000, 0x0000000100000000)
  region size 1024K, 3 young (3072K), 3 survivors (3072K)
 Metaspace       used 17499K, committed 17728K, reserved 1114112K
  class space    used 1914K, committed 1984K, reserved 1048576K
}
Event: 10.433 GC heap before
{Heap before GC invocations=3 (full 0):
 garbage-first heap   total 131072K, used 26872K [0x0000000081c00000, 0x0000000100000000)
  region size 1024K, 20 young (20480K), 3 survivors (3072K)
 Metaspace       used 21290K, committed 21504K, reserved 1114112K
  class space    used 2400K, committed 2496K, reserved 1048576K
}
Event: 10.440 GC heap after
{Heap after GC invocations=4 (full 0):
 garbage-first heap   total 131072K, used 12024K [0x0000000081c00000, 0x0000000100000000)
  region size 1024K, 4 young (4096K), 4 survivors (4096K)
 Metaspace       used 21290K, committed 21504K, reserved 1114112K
  class space    used 2400K, committed 2496K, reserved 1048576K
}
Event: 12.250 GC heap before
{Heap before GC invocations=5 (full 0):
 garbage-first heap   total 48128K, used 36600K [0x0000000081c00000, 0x0000000100000000)
  region size 1024K, 28 young (28672K), 4 survivors (4096K)
 Metaspace       used 27934K, committed 28160K, reserved 1114112K
  class space    used 3125K, committed 3264K, reserved 1048576K
}
Event: 12.270 GC heap after
{Heap after GC invocations=6 (full 0):
 garbage-first heap   total 48128K, used 15049K [0x0000000081c00000, 0x0000000100000000)
  region size 1024K, 4 young (4096K), 4 survivors (4096K)
 Metaspace       used 27934K, committed 28160K, reserved 1114112K
  class space    used 3125K, committed 3264K, reserved 1048576K
}

