# JRE version: OpenJDK Runtime Environment Microsoft-8902769 (17.0.10+7) (build 17.0.10+7-LTS)
# Java VM: OpenJDK 64-Bit Server VM Microsoft-8902769 (17.0.10+7-LTS, mixed mode, sharing, tiered, compressed oops, compressed class ptrs, g1 gc, windows-amd64)
GC Precious Log:
 CPUs: 4 total, 4 available
 Memory: 8077M
 Large Page Support: Disabled
 NUMA Support: Disabled
 Compressed Oops: Enabled (32-bit)
 Heap Region Size: 1M
 Heap Min Capacity: 8M
 Heap Initial Capacity: 128M
 Heap Max Capacity: 2G
 Pre-touch: Disabled
 Parallel Workers: 4
 Concurrent Workers: 1
 Concurrent Refinement Workers: 4
 Periodic GC: Disabled
Heap:
 garbage-first heap   total 131072K, used 64409K [0x0000000080000000, 0x0000000100000000)
  region size 1024K, 4 young (4096K), 4 survivors (4096K)
 Metaspace       used 67040K, committed 67840K, reserved 491520K
  class space    used 9445K, committed 9792K, reserved 425984K
GC Heap History (20 events):
Event: 44.074 GC heap after
{Heap after GC invocations=21 (full 0):
 garbage-first heap   total 89088K, used 54205K [0x0000000080000000, 0x0000000100000000)
  region size 1024K, 1 young (1024K), 1 survivors (1024K)
 Metaspace       used 57119K, committed 57856K, reserved 491520K
  class space    used 7977K, committed 8320K, reserved 425984K
}
Event: 45.315 GC heap before
{Heap before GC invocations=21 (full 0):
 garbage-first heap   total 89088K, used 73661K [0x0000000080000000, 0x0000000100000000)
  region size 1024K, 20 young (20480K), 1 survivors (1024K)
 Metaspace       used 58392K, committed 59072K, reserved 491520K
  class space    used 8185K, committed 8512K, reserved 425984K
}
Event: 45.320 GC heap after
{Heap after GC invocations=22 (full 0):
 garbage-first heap   total 89088K, used 54489K [0x0000000080000000, 0x0000000100000000)
  region size 1024K, 1 young (1024K), 1 survivors (1024K)
 Metaspace       used 58392K, committed 59072K, reserved 491520K
  class space    used 8185K, committed 8512K, reserved 425984K
}
Event: 46.456 GC heap before
{Heap before GC invocations=23 (full 0):
 garbage-first heap   total 99328K, used 72921K [0x0000000080000000, 0x0000000100000000)
  region size 1024K, 20 young (20480K), 1 survivors (1024K)
 Metaspace       used 59642K, committed 60416K, reserved 491520K
  class space    used 8355K, committed 8704K, reserved 425984K
}
Event: 46.465 GC heap after
{Heap after GC invocations=24 (full 0):
 garbage-first heap   total 99328K, used 55261K [0x0000000080000000, 0x0000000100000000)
  region size 1024K, 2 young (2048K), 2 survivors (2048K)
 Metaspace       used 59642K, committed 60416K, reserved 491520K
  class space    used 8355K, committed 8704K, reserved 425984K
}
Event: 46.530 GC heap before
{Heap before GC invocations=24 (full 0):
 garbage-first heap   total 99328K, used 56285K [0x0000000080000000, 0x0000000100000000)
  region size 1024K, 4 young (4096K), 2 survivors (2048K)
 Metaspace       used 59781K, committed 60544K, reserved 491520K
  class space    used 8364K, committed 8704K, reserved 425984K
}
Event: 46.537 GC heap after
{Heap after GC invocations=25 (full 0):
 garbage-first heap   total 99328K, used 54907K [0x0000000080000000, 0x0000000100000000)
  region size 1024K, 1 young (1024K), 1 survivors (1024K)
 Metaspace       used 59781K, committed 60544K, reserved 491520K
  class space    used 8364K, committed 8704K, reserved 425984K
}
Event: 48.767 GC heap before
{Heap before GC invocations=25 (full 0):
 garbage-first heap   total 99328K, used 80507K [0x0000000080000000, 0x0000000100000000)
  region size 1024K, 26 young (26624K), 1 survivors (1024K)
 Metaspace       used 62127K, committed 62784K, reserved 491520K
  class space    used 8759K, committed 9088K, reserved 425984K
}
Event: 48.771 GC heap after
{Heap after GC invocations=26 (full 0):
 garbage-first heap   total 99328K, used 55739K [0x0000000080000000, 0x0000000100000000)
  region size 1024K, 2 young (2048K), 2 survivors (2048K)
 Metaspace       used 62127K, committed 62784K, reserved 491520K
  class space    used 8759K, committed 9088K, reserved 425984K
}
Event: 50.619 GC heap before
{Heap before GC invocations=27 (full 0):
 garbage-first heap   total 101376K, used 82363K [0x0000000080000000, 0x0000000100000000)
  region size 1024K, 26 young (26624K), 2 survivors (2048K)
 Metaspace       used 63602K, committed 64320K, reserved 491520K
  class space    used 8969K, committed 9280K, reserved 425984K
}
Event: 50.629 GC heap after
{Heap after GC invocations=28 (full 0):
 garbage-first heap   total 101376K, used 59761K [0x0000000080000000, 0x0000000100000000)
  region size 1024K, 2 young (2048K), 2 survivors (2048K)
 Metaspace       used 63602K, committed 64320K, reserved 491520K
  class space    used 8969K, committed 9280K, reserved 425984K
}
Event: 50.800 GC heap before
{Heap before GC invocations=28 (full 0):
 garbage-first heap   total 101376K, used 61809K [0x0000000080000000, 0x0000000100000000)
  region size 1024K, 4 young (4096K), 2 survivors (2048K)
 Metaspace       used 63712K, committed 64448K, reserved 491520K
  class space    used 8985K, committed 9280K, reserved 425984K
}
Event: 50.805 GC heap after
{Heap after GC invocations=29 (full 0):
 garbage-first heap   total 101376K, used 59244K [0x0000000080000000, 0x0000000100000000)
  region size 1024K, 1 young (1024K), 1 survivors (1024K)
 Metaspace       used 63712K, committed 64448K, reserved 491520K
  class space    used 8985K, committed 9280K, reserved 425984K
}
Event: 53.556 GC heap before
{Heap before GC invocations=29 (full 0):
 garbage-first heap   total 101376K, used 82796K [0x0000000080000000, 0x0000000100000000)
  region size 1024K, 25 young (25600K), 1 survivors (1024K)
 Metaspace       used 64901K, committed 65600K, reserved 491520K
  class space    used 9174K, committed 9472K, reserved 425984K
}
Event: 53.563 GC heap after
{Heap after GC invocations=30 (full 0):
 garbage-first heap   total 101376K, used 61257K [0x0000000080000000, 0x0000000100000000)
  region size 1024K, 3 young (3072K), 3 survivors (3072K)
 Metaspace       used 64901K, committed 65600K, reserved 491520K
  class space    used 9174K, committed 9472K, reserved 425984K
}
Event: 55.895 GC heap before
{Heap before GC invocations=31 (full 0):
 garbage-first heap   total 112640K, used 82761K [0x0000000080000000, 0x0000000100000000)
  region size 1024K, 25 young (25600K), 3 survivors (3072K)
 Metaspace       used 65765K, committed 66432K, reserved 491520K
  class space    used 9284K, committed 9600K, reserved 425984K
}
Event: 55.901 GC heap after
{Heap after GC invocations=32 (full 0):
 garbage-first heap   total 112640K, used 61380K [0x0000000080000000, 0x0000000100000000)
  region size 1024K, 2 young (2048K), 2 survivors (2048K)
 Metaspace       used 65765K, committed 66432K, reserved 491520K
  class space    used 9284K, committed 9600K, reserved 425984K
}
Event: 56.029 GC heap before
{Heap before GC invocations=32 (full 0):
 garbage-first heap   total 112640K, used 64452K [0x0000000080000000, 0x0000000100000000)
  region size 1024K, 5 young (5120K), 2 survivors (2048K)
 Metaspace       used 65765K, committed 66432K, reserved 491520K
  class space    used 9284K, committed 9600K, reserved 425984K
}
Event: 56.034 GC heap after
{Heap after GC invocations=33 (full 0):
 garbage-first heap   total 112640K, used 60966K [0x0000000080000000, 0x0000000100000000)
  region size 1024K, 1 young (1024K), 1 survivors (1024K)
 Metaspace       used 65765K, committed 66432K, reserved 491520K
  class space    used 9284K, committed 9600K, reserved 425984K
}
Event: 60.468 GC heap before
{Heap before GC invocations=33 (full 0):
 garbage-first heap   total 112640K, used 91686K [0x0000000080000000, 0x0000000100000000)
  region size 1024K, 31 young (31744K), 1 survivors (1024K)
 Metaspace       used 67040K, committed 67840K, reserved 491520K
  class space    used 9445K, committed 9792K, reserved 425984K
}

