# JRE version: OpenJDK Runtime Environment Microsoft-8902769 (17.0.10+7) (build 17.0.10+7-LTS)
# Java VM: OpenJDK 64-Bit Server VM Microsoft-8902769 (17.0.10+7-LTS, mixed mode, sharing, tiered, compressed oops, compressed class ptrs, g1 gc, windows-amd64)
GC Precious Log:
 CPUs: 4 total, 4 available
 Memory: 8077M
 Large Page Support: Disabled
 NUMA Support: Disabled
 Compressed Oops: Enabled (32-bit)
 Heap Region Size: 1M
 Heap Min Capacity: 8M
 Heap Initial Capacity: 128M
 Heap Max Capacity: 2G
 Pre-touch: Disabled
 Parallel Workers: 4
 Concurrent Workers: 1
 Concurrent Refinement Workers: 4
 Periodic GC: Disabled
Heap:
 garbage-first heap   total 96256K, used 60847K [0x0000000080000000, 0x0000000100000000)
  region size 1024K, 9 young (9216K), 1 survivors (1024K)
 Metaspace       used 56443K, committed 57024K, reserved 491520K
  class space    used 7912K, committed 8192K, reserved 425984K
GC Heap History (20 events):
Event: 13.094 GC heap before
{Heap before GC invocations=10 (full 0):
 garbage-first heap   total 89088K, used 70404K [0x0000000080000000, 0x0000000100000000)
  region size 1024K, 37 young (37888K), 2 survivors (2048K)
 Metaspace       used 38243K, committed 38784K, reserved 491520K
  class space    used 5242K, committed 5504K, reserved 425984K
}
Event: 13.097 GC heap after
{Heap after GC invocations=11 (full 0):
 garbage-first heap   total 89088K, used 32970K [0x0000000080000000, 0x0000000100000000)
  region size 1024K, 3 young (3072K), 3 survivors (3072K)
 Metaspace       used 38243K, committed 38784K, reserved 491520K
  class space    used 5242K, committed 5504K, reserved 425984K
}
Event: 13.799 GC heap before
{Heap before GC invocations=12 (full 0):
 garbage-first heap   total 89088K, used 69834K [0x0000000080000000, 0x0000000100000000)
  region size 1024K, 39 young (39936K), 3 survivors (3072K)
 Metaspace       used 40998K, committed 41536K, reserved 491520K
  class space    used 5687K, committed 5952K, reserved 425984K
}
Event: 13.805 GC heap after
{Heap after GC invocations=13 (full 0):
 garbage-first heap   total 89088K, used 34825K [0x0000000080000000, 0x0000000100000000)
  region size 1024K, 5 young (5120K), 5 survivors (5120K)
 Metaspace       used 40998K, committed 41536K, reserved 491520K
  class space    used 5687K, committed 5952K, reserved 425984K
}
Event: 14.515 GC heap before
{Heap before GC invocations=13 (full 0):
 garbage-first heap   total 89088K, used 69641K [0x0000000080000000, 0x0000000100000000)
  region size 1024K, 39 young (39936K), 5 survivors (5120K)
 Metaspace       used 44216K, committed 44736K, reserved 491520K
  class space    used 6216K, committed 6464K, reserved 425984K
}
Event: 14.523 GC heap after
{Heap after GC invocations=14 (full 0):
 garbage-first heap   total 89088K, used 37203K [0x0000000080000000, 0x0000000100000000)
  region size 1024K, 5 young (5120K), 5 survivors (5120K)
 Metaspace       used 44216K, committed 44736K, reserved 491520K
  class space    used 6216K, committed 6464K, reserved 425984K
}
Event: 14.989 GC heap before
{Heap before GC invocations=14 (full 0):
 garbage-first heap   total 89088K, used 69971K [0x0000000080000000, 0x0000000100000000)
  region size 1024K, 37 young (37888K), 5 survivors (5120K)
 Metaspace       used 47968K, committed 48512K, reserved 491520K
  class space    used 6709K, committed 6976K, reserved 425984K
}
Event: 14.998 GC heap after
{Heap after GC invocations=15 (full 0):
 garbage-first heap   total 89088K, used 38722K [0x0000000080000000, 0x0000000100000000)
  region size 1024K, 4 young (4096K), 4 survivors (4096K)
 Metaspace       used 47968K, committed 48512K, reserved 491520K
  class space    used 6709K, committed 6976K, reserved 425984K
}
Event: 15.877 GC heap before
{Heap before GC invocations=15 (full 0):
 garbage-first heap   total 89088K, used 71490K [0x0000000080000000, 0x0000000100000000)
  region size 1024K, 36 young (36864K), 4 survivors (4096K)
 Metaspace       used 51588K, committed 52096K, reserved 491520K
  class space    used 7303K, committed 7552K, reserved 425984K
}
Event: 15.884 GC heap after
{Heap after GC invocations=16 (full 0):
 garbage-first heap   total 89088K, used 40330K [0x0000000080000000, 0x0000000100000000)
  region size 1024K, 3 young (3072K), 3 survivors (3072K)
 Metaspace       used 51588K, committed 52096K, reserved 491520K
  class space    used 7303K, committed 7552K, reserved 425984K
}
Event: 17.022 GC heap before
{Heap before GC invocations=16 (full 0):
 garbage-first heap   total 89088K, used 72074K [0x0000000080000000, 0x0000000100000000)
  region size 1024K, 35 young (35840K), 3 survivors (3072K)
 Metaspace       used 53231K, committed 53824K, reserved 491520K
  class space    used 7477K, committed 7808K, reserved 425984K
}
Event: 17.031 GC heap after
{Heap after GC invocations=17 (full 0):
 garbage-first heap   total 89088K, used 44038K [0x0000000080000000, 0x0000000100000000)
  region size 1024K, 5 young (5120K), 5 survivors (5120K)
 Metaspace       used 53231K, committed 53824K, reserved 491520K
  class space    used 7477K, committed 7808K, reserved 425984K
}
Event: 17.256 GC heap before
{Heap before GC invocations=17 (full 0):
 garbage-first heap   total 89088K, used 52230K [0x0000000080000000, 0x0000000100000000)
  region size 1024K, 14 young (14336K), 5 survivors (5120K)
 Metaspace       used 53872K, committed 54528K, reserved 491520K
  class space    used 7557K, committed 7872K, reserved 425984K
}
Event: 17.264 GC heap after
{Heap after GC invocations=18 (full 0):
 garbage-first heap   total 89088K, used 45093K [0x0000000080000000, 0x0000000100000000)
  region size 1024K, 2 young (2048K), 2 survivors (2048K)
 Metaspace       used 53872K, committed 54528K, reserved 491520K
  class space    used 7557K, committed 7872K, reserved 425984K
}
Event: 17.483 GC heap before
{Heap before GC invocations=19 (full 0):
 garbage-first heap   total 91136K, used 52261K [0x0000000080000000, 0x0000000100000000)
  region size 1024K, 5 young (5120K), 2 survivors (2048K)
 Metaspace       used 53957K, committed 54592K, reserved 491520K
  class space    used 7573K, committed 7872K, reserved 425984K
}
Event: 17.486 GC heap after
{Heap after GC invocations=20 (full 0):
 garbage-first heap   total 91136K, used 51237K [0x0000000080000000, 0x0000000100000000)
  region size 1024K, 3 young (3072K), 3 survivors (3072K)
 Metaspace       used 53957K, committed 54592K, reserved 491520K
  class space    used 7573K, committed 7872K, reserved 425984K
}
Event: 17.824 GC heap before
{Heap before GC invocations=21 (full 0):
 garbage-first heap   total 96256K, used 66597K [0x0000000080000000, 0x0000000100000000)
  region size 1024K, 16 young (16384K), 3 survivors (3072K)
 Metaspace       used 54794K, committed 55424K, reserved 491520K
  class space    used 7700K, committed 8000K, reserved 425984K
}
Event: 17.827 GC heap after
{Heap after GC invocations=22 (full 0):
 garbage-first heap   total 96256K, used 53747K [0x0000000080000000, 0x0000000100000000)
  region size 1024K, 1 young (1024K), 1 survivors (1024K)
 Metaspace       used 54794K, committed 55424K, reserved 491520K
  class space    used 7700K, committed 8000K, reserved 425984K
}
Event: 17.890 GC heap before
{Heap before GC invocations=22 (full 0):
 garbage-first heap   total 96256K, used 56819K [0x0000000080000000, 0x0000000100000000)
  region size 1024K, 4 young (4096K), 1 survivors (1024K)
 Metaspace       used 55033K, committed 55680K, reserved 491520K
  class space    used 7733K, committed 8064K, reserved 425984K
}
Event: 17.892 GC heap after
{Heap after GC invocations=23 (full 0):
 garbage-first heap   total 96256K, used 53679K [0x0000000080000000, 0x0000000100000000)
  region size 1024K, 1 young (1024K), 1 survivors (1024K)
 Metaspace       used 55033K, committed 55680K, reserved 491520K
  class space    used 7733K, committed 8064K, reserved 425984K
}

