# JRE version: OpenJDK Runtime Environment Microsoft-8902769 (17.0.10+7) (build 17.0.10+7-LTS)
# Java VM: OpenJDK 64-Bit Server VM Microsoft-8902769 (17.0.10+7-LTS, mixed mode, sharing, tiered, compressed oops, compressed class ptrs, g1 gc, windows-amd64)
GC Precious Log:
 CPUs: 4 total, 4 available
 Memory: 8077M
 Large Page Support: Disabled
 NUMA Support: Disabled
 Compressed Oops: Enabled (32-bit)
 Heap Region Size: 1M
 Heap Min Capacity: 8M
 Heap Initial Capacity: 128M
 Heap Max Capacity: 2G
 Pre-touch: Disabled
 Parallel Workers: 4
 Concurrent Workers: 1
 Concurrent Refinement Workers: 4
 Periodic GC: Disabled
Heap:
 garbage-first heap   total 167936K, used 94595K [0x0000000080000000, 0x0000000100000000)
  region size 1024K, 1 young (1024K), 1 survivors (1024K)
 Metaspace       used 82190K, committed 83136K, reserved 557056K
  class space    used 11355K, committed 11840K, reserved 425984K
GC Heap History (20 events):
Event: 20.473 GC heap after
{Heap after GC invocations=29 (full 0):
 garbage-first heap   total 138240K, used 69509K [0x0000000080000000, 0x0000000100000000)
  region size 1024K, 3 young (3072K), 3 survivors (3072K)
 Metaspace       used 72578K, committed 73408K, reserved 491520K
  class space    used 10327K, committed 10752K, reserved 425984K
}
Event: 21.920 GC heap before
{Heap before GC invocations=30 (full 0):
 garbage-first heap   total 138240K, used 111493K [0x0000000080000000, 0x0000000100000000)
  region size 1024K, 45 young (46080K), 3 survivors (3072K)
 Metaspace       used 73699K, committed 74560K, reserved 491520K
  class space    used 10404K, committed 10816K, reserved 425984K
}
Event: 21.930 GC heap after
{Heap after GC invocations=31 (full 0):
 garbage-first heap   total 138240K, used 73590K [0x0000000080000000, 0x0000000100000000)
  region size 1024K, 6 young (6144K), 6 survivors (6144K)
 Metaspace       used 73699K, committed 74560K, reserved 491520K
  class space    used 10404K, committed 10816K, reserved 425984K
}
Event: 22.635 GC heap before
{Heap before GC invocations=31 (full 0):
 garbage-first heap   total 138240K, used 111478K [0x0000000080000000, 0x0000000100000000)
  region size 1024K, 44 young (45056K), 6 survivors (6144K)
 Metaspace       used 73773K, committed 74624K, reserved 491520K
  class space    used 10404K, committed 10816K, reserved 425984K
}
Event: 22.647 GC heap after
{Heap after GC invocations=32 (full 0):
 garbage-first heap   total 138240K, used 75266K [0x0000000080000000, 0x0000000100000000)
  region size 1024K, 2 young (2048K), 2 survivors (2048K)
 Metaspace       used 73773K, committed 74624K, reserved 491520K
  class space    used 10404K, committed 10816K, reserved 425984K
}
Event: 23.403 GC heap before
{Heap before GC invocations=33 (full 0):
 garbage-first heap   total 142336K, used 113154K [0x0000000080000000, 0x0000000100000000)
  region size 1024K, 40 young (40960K), 2 survivors (2048K)
 Metaspace       used 73781K, committed 74688K, reserved 491520K
  class space    used 10405K, committed 10816K, reserved 425984K
}
Event: 23.410 GC heap after
{Heap after GC invocations=34 (full 0):
 garbage-first heap   total 142336K, used 76005K [0x0000000080000000, 0x0000000100000000)
  region size 1024K, 3 young (3072K), 3 survivors (3072K)
 Metaspace       used 73781K, committed 74688K, reserved 491520K
  class space    used 10405K, committed 10816K, reserved 425984K
}
Event: 23.465 GC heap before
{Heap before GC invocations=34 (full 0):
 garbage-first heap   total 142336K, used 79077K [0x0000000080000000, 0x0000000100000000)
  region size 1024K, 6 young (6144K), 3 survivors (3072K)
 Metaspace       used 73781K, committed 74688K, reserved 491520K
  class space    used 10405K, committed 10816K, reserved 425984K
}
Event: 23.471 GC heap after
{Heap after GC invocations=35 (full 0):
 garbage-first heap   total 142336K, used 76307K [0x0000000080000000, 0x0000000100000000)
  region size 1024K, 1 young (1024K), 1 survivors (1024K)
 Metaspace       used 73781K, committed 74688K, reserved 491520K
  class space    used 10405K, committed 10816K, reserved 425984K
}
Event: 23.935 GC heap before
{Heap before GC invocations=35 (full 0):
 garbage-first heap   total 142336K, used 89619K [0x0000000080000000, 0x0000000100000000)
  region size 1024K, 15 young (15360K), 1 survivors (1024K)
 Metaspace       used 73808K, committed 74752K, reserved 491520K
  class space    used 10408K, committed 10880K, reserved 425984K
}
Event: 23.937 GC heap after
{Heap after GC invocations=36 (full 0):
 garbage-first heap   total 142336K, used 76819K [0x0000000080000000, 0x0000000100000000)
  region size 1024K, 1 young (1024K), 1 survivors (1024K)
 Metaspace       used 73808K, committed 74752K, reserved 491520K
  class space    used 10408K, committed 10880K, reserved 425984K
}
Event: 25.290 GC heap before
{Heap before GC invocations=37 (full 0):
 garbage-first heap   total 142336K, used 125971K [0x0000000080000000, 0x0000000100000000)
  region size 1024K, 43 young (44032K), 1 survivors (1024K)
 Metaspace       used 76426K, committed 77376K, reserved 557056K
  class space    used 10720K, committed 11200K, reserved 425984K
}
Event: 25.295 GC heap after
{Heap after GC invocations=38 (full 0):
 garbage-first heap   total 142336K, used 89245K [0x0000000080000000, 0x0000000100000000)
  region size 1024K, 6 young (6144K), 6 survivors (6144K)
 Metaspace       used 76426K, committed 77376K, reserved 557056K
  class space    used 10720K, committed 11200K, reserved 425984K
}
Event: 25.301 GC heap before
{Heap before GC invocations=38 (full 0):
 garbage-first heap   total 142336K, used 89245K [0x0000000080000000, 0x0000000100000000)
  region size 1024K, 7 young (7168K), 6 survivors (6144K)
 Metaspace       used 76479K, committed 77440K, reserved 557056K
  class space    used 10722K, committed 11200K, reserved 425984K
}
Event: 25.308 GC heap after
{Heap after GC invocations=39 (full 0):
 garbage-first heap   total 142336K, used 89351K [0x0000000080000000, 0x0000000100000000)
  region size 1024K, 1 young (1024K), 1 survivors (1024K)
 Metaspace       used 76479K, committed 77440K, reserved 557056K
  class space    used 10722K, committed 11200K, reserved 425984K
}
Event: 25.645 GC heap before
{Heap before GC invocations=39 (full 0):
 garbage-first heap   total 142336K, used 120071K [0x0000000080000000, 0x0000000100000000)
  region size 1024K, 32 young (32768K), 1 survivors (1024K)
 Metaspace       used 79714K, committed 80640K, reserved 557056K
  class space    used 11039K, committed 11520K, reserved 425984K
}
Event: 25.647 GC heap after
{Heap after GC invocations=40 (full 0):
 garbage-first heap   total 142336K, used 89525K [0x0000000080000000, 0x0000000100000000)
  region size 1024K, 1 young (1024K), 1 survivors (1024K)
 Metaspace       used 79714K, committed 80640K, reserved 557056K
  class space    used 11039K, committed 11520K, reserved 425984K
}
Event: 26.113 GC heap before
{Heap before GC invocations=41 (full 0):
 garbage-first heap   total 167936K, used 124341K [0x0000000080000000, 0x0000000100000000)
  region size 1024K, 30 young (30720K), 1 survivors (1024K)
 Metaspace       used 81847K, committed 82752K, reserved 557056K
  class space    used 11323K, committed 11776K, reserved 425984K
}
Event: 26.125 GC heap after
{Heap after GC invocations=42 (full 0):
 garbage-first heap   total 167936K, used 94477K [0x0000000080000000, 0x0000000100000000)
  region size 1024K, 4 young (4096K), 4 survivors (4096K)
 Metaspace       used 81847K, committed 82752K, reserved 557056K
  class space    used 11323K, committed 11776K, reserved 425984K
}
Event: 26.256 GC heap before
{Heap before GC invocations=42 (full 0):
 garbage-first heap   total 167936K, used 97549K [0x0000000080000000, 0x0000000100000000)
  region size 1024K, 8 young (8192K), 4 survivors (4096K)
 Metaspace       used 82190K, committed 83136K, reserved 557056K
  class space    used 11355K, committed 11840K, reserved 425984K
}

