# JRE version: OpenJDK Runtime Environment Microsoft-8902769 (17.0.10+7) (build 17.0.10+7-LTS)
# Java VM: OpenJDK 64-Bit Server VM Microsoft-8902769 (17.0.10+7-LTS, mixed mode, sharing, tiered, compressed oops, compressed class ptrs, g1 gc, windows-amd64)
GC Precious Log:
 CPUs: 4 total, 4 available
 Memory: 8077M
 Large Page Support: Disabled
 NUMA Support: Disabled
 Compressed Oops: Enabled (32-bit)
 Heap Region Size: 1M
 Heap Min Capacity: 8M
 Heap Initial Capacity: 128M
 Heap Max Capacity: 2G
 Pre-touch: Disabled
 Parallel Workers: 4
 Concurrent Workers: 1
 Concurrent Refinement Workers: 4
 Periodic GC: Disabled
Heap:
 garbage-first heap   total 131072K, used 81779K [0x0000000080000000, 0x0000000100000000)
  region size 1024K, 1 young (1024K), 1 survivors (1024K)
 Metaspace       used 74148K, committed 75072K, reserved 491520K
  class space    used 10428K, committed 10880K, reserved 425984K
GC Heap History (20 events):
Event: 48.143 GC heap after
{Heap after GC invocations=29 (full 0):
 garbage-first heap   total 96256K, used 61608K [0x0000000080000000, 0x0000000100000000)
  region size 1024K, 3 young (3072K), 3 survivors (3072K)
 Metaspace       used 65394K, committed 66112K, reserved 491520K
  class space    used 9245K, committed 9600K, reserved 425984K
}
Event: 49.407 GC heap before
{Heap before GC invocations=29 (full 0):
 garbage-first heap   total 96256K, used 81064K [0x0000000080000000, 0x0000000100000000)
  region size 1024K, 22 young (22528K), 3 survivors (3072K)
 Metaspace       used 66174K, committed 67008K, reserved 491520K
  class space    used 9329K, committed 9728K, reserved 425984K
}
Event: 49.415 GC heap after
{Heap after GC invocations=30 (full 0):
 garbage-first heap   total 96256K, used 63766K [0x0000000080000000, 0x0000000100000000)
  region size 1024K, 3 young (3072K), 3 survivors (3072K)
 Metaspace       used 66174K, committed 67008K, reserved 491520K
  class space    used 9329K, committed 9728K, reserved 425984K
}
Event: 49.861 GC heap before
{Heap before GC invocations=31 (full 0):
 garbage-first heap   total 117760K, used 77078K [0x0000000080000000, 0x0000000100000000)
  region size 1024K, 17 young (17408K), 3 survivors (3072K)
 Metaspace       used 66738K, committed 67584K, reserved 491520K
  class space    used 9396K, committed 9792K, reserved 425984K
}
Event: 49.868 GC heap after
{Heap after GC invocations=32 (full 0):
 garbage-first heap   total 117760K, used 65052K [0x0000000080000000, 0x0000000100000000)
  region size 1024K, 2 young (2048K), 2 survivors (2048K)
 Metaspace       used 66738K, committed 67584K, reserved 491520K
  class space    used 9396K, committed 9792K, reserved 425984K
}
Event: 49.954 GC heap before
{Heap before GC invocations=32 (full 0):
 garbage-first heap   total 117760K, used 68124K [0x0000000080000000, 0x0000000100000000)
  region size 1024K, 5 young (5120K), 2 survivors (2048K)
 Metaspace       used 66949K, committed 67776K, reserved 491520K
  class space    used 9430K, committed 9792K, reserved 425984K
}
Event: 49.957 GC heap after
{Heap after GC invocations=33 (full 0):
 garbage-first heap   total 117760K, used 64234K [0x0000000080000000, 0x0000000100000000)
  region size 1024K, 1 young (1024K), 1 survivors (1024K)
 Metaspace       used 66949K, committed 67776K, reserved 491520K
  class space    used 9430K, committed 9792K, reserved 425984K
}
Event: 51.852 GC heap before
{Heap before GC invocations=33 (full 0):
 garbage-first heap   total 117760K, used 92906K [0x0000000080000000, 0x0000000100000000)
  region size 1024K, 30 young (30720K), 1 survivors (1024K)
 Metaspace       used 69132K, committed 69952K, reserved 491520K
  class space    used 9728K, committed 10112K, reserved 425984K
}
Event: 51.857 GC heap after
{Heap after GC invocations=34 (full 0):
 garbage-first heap   total 117760K, used 66057K [0x0000000080000000, 0x0000000100000000)
  region size 1024K, 3 young (3072K), 3 survivors (3072K)
 Metaspace       used 69132K, committed 69952K, reserved 491520K
  class space    used 9728K, committed 10112K, reserved 425984K
}
Event: 53.147 GC heap before
{Heap before GC invocations=34 (full 0):
 garbage-first heap   total 117760K, used 93705K [0x0000000080000000, 0x0000000100000000)
  region size 1024K, 31 young (31744K), 3 survivors (3072K)
 Metaspace       used 71488K, committed 72256K, reserved 491520K
  class space    used 10139K, committed 10496K, reserved 425984K
}
Event: 53.157 GC heap after
{Heap after GC invocations=35 (full 0):
 garbage-first heap   total 117760K, used 69556K [0x0000000080000000, 0x0000000100000000)
  region size 1024K, 4 young (4096K), 4 survivors (4096K)
 Metaspace       used 71488K, committed 72256K, reserved 491520K
  class space    used 10139K, committed 10496K, reserved 425984K
}
Event: 54.180 GC heap before
{Heap before GC invocations=35 (full 0):
 garbage-first heap   total 117760K, used 95156K [0x0000000080000000, 0x0000000100000000)
  region size 1024K, 30 young (30720K), 4 survivors (4096K)
 Metaspace       used 72517K, committed 73472K, reserved 491520K
  class space    used 10283K, committed 10752K, reserved 425984K
}
Event: 54.195 GC heap after
{Heap after GC invocations=36 (full 0):
 garbage-first heap   total 117760K, used 73570K [0x0000000080000000, 0x0000000100000000)
  region size 1024K, 4 young (4096K), 4 survivors (4096K)
 Metaspace       used 72517K, committed 73472K, reserved 491520K
  class space    used 10283K, committed 10752K, reserved 425984K
}
Event: 55.205 GC heap before
{Heap before GC invocations=36 (full 0):
 garbage-first heap   total 117760K, used 96098K [0x0000000080000000, 0x0000000100000000)
  region size 1024K, 27 young (27648K), 4 survivors (4096K)
 Metaspace       used 73585K, committed 74560K, reserved 491520K
  class space    used 10424K, committed 10880K, reserved 425984K
}
Event: 55.212 GC heap after
{Heap after GC invocations=37 (full 0):
 garbage-first heap   total 117760K, used 75190K [0x0000000080000000, 0x0000000100000000)
  region size 1024K, 3 young (3072K), 3 survivors (3072K)
 Metaspace       used 73585K, committed 74560K, reserved 491520K
  class space    used 10424K, committed 10880K, reserved 425984K
}
Event: 58.250 GC heap before
{Heap before GC invocations=37 (full 0):
 garbage-first heap   total 117760K, used 96694K [0x0000000080000000, 0x0000000100000000)
  region size 1024K, 24 young (24576K), 3 survivors (3072K)
 Metaspace       used 74026K, committed 74944K, reserved 491520K
  class space    used 10428K, committed 10880K, reserved 425984K
}
Event: 58.259 GC heap after
{Heap after GC invocations=38 (full 0):
 garbage-first heap   total 117760K, used 78848K [0x0000000080000000, 0x0000000100000000)
  region size 1024K, 3 young (3072K), 3 survivors (3072K)
 Metaspace       used 74026K, committed 74944K, reserved 491520K
  class space    used 10428K, committed 10880K, reserved 425984K
}
Event: 58.555 GC heap before
{Heap before GC invocations=38 (full 0):
 garbage-first heap   total 117760K, used 96256K [0x0000000080000000, 0x0000000100000000)
  region size 1024K, 21 young (21504K), 3 survivors (3072K)
 Metaspace       used 74111K, committed 75008K, reserved 491520K
  class space    used 10428K, committed 10880K, reserved 425984K
}
Event: 58.562 GC heap after
{Heap after GC invocations=39 (full 0):
 garbage-first heap   total 117760K, used 81175K [0x0000000080000000, 0x0000000100000000)
  region size 1024K, 2 young (2048K), 2 survivors (2048K)
 Metaspace       used 74111K, committed 75008K, reserved 491520K
  class space    used 10428K, committed 10880K, reserved 425984K
}
Event: 58.881 GC heap before
{Heap before GC invocations=39 (full 0):
 garbage-first heap   total 117760K, used 96535K [0x0000000080000000, 0x0000000100000000)
  region size 1024K, 18 young (18432K), 2 survivors (2048K)
 Metaspace       used 74148K, committed 75072K, reserved 491520K
  class space    used 10428K, committed 10880K, reserved 425984K
}

