# JRE version: OpenJDK Runtime Environment Microsoft-8902769 (17.0.10+7) (build 17.0.10+7-LTS)
# Java VM: OpenJDK 64-Bit Server VM Microsoft-8902769 (17.0.10+7-LTS, mixed mode, sharing, tiered, compressed oops, compressed class ptrs, g1 gc, windows-amd64)
GC Precious Log:
 CPUs: 4 total, 4 available
 Memory: 8077M
 Large Page Support: Disabled
 NUMA Support: Disabled
 Compressed Oops: Enabled (32-bit)
 Heap Region Size: 1M
 Heap Min Capacity: 8M
 Heap Initial Capacity: 128M
 Heap Max Capacity: 2G
 Pre-touch: Disabled
 Parallel Workers: 4
 Concurrent Workers: 1
 Concurrent Refinement Workers: 4
 Periodic GC: Disabled
Heap:
 garbage-first heap   total 301056K, used 115920K [0x0000000080000000, 0x0000000100000000)
  region size 1024K, 15 young (15360K), 1 survivors (1024K)
 Metaspace       used 91098K, committed 92032K, reserved 557056K
  class space    used 12535K, committed 12992K, reserved 425984K
GC Heap History (20 events):
Event: 61.898 GC heap before
{Heap before GC invocations=50 (full 0):
 garbage-first heap   total 142336K, used 87834K [0x0000000080000000, 0x0000000100000000)
  region size 1024K, 10 young (10240K), 2 survivors (2048K)
 Metaspace       used 74168K, committed 75072K, reserved 491520K
  class space    used 10437K, committed 10880K, reserved 425984K
}
Event: 61.901 GC heap after
{Heap after GC invocations=51 (full 0):
 garbage-first heap   total 142336K, used 81188K [0x0000000080000000, 0x0000000100000000)
  region size 1024K, 2 young (2048K), 2 survivors (2048K)
 Metaspace       used 74168K, committed 75072K, reserved 491520K
  class space    used 10437K, committed 10880K, reserved 425984K
}
Event: 64.564 GC heap before
{Heap before GC invocations=52 (full 0):
 garbage-first heap   total 150528K, used 126244K [0x0000000080000000, 0x0000000100000000)
  region size 1024K, 40 young (40960K), 2 survivors (2048K)
 Metaspace       used 76281K, committed 77184K, reserved 557056K
  class space    used 10703K, committed 11136K, reserved 425984K
}
Event: 64.571 GC heap after
{Heap after GC invocations=53 (full 0):
 garbage-first heap   total 150528K, used 94225K [0x0000000080000000, 0x0000000100000000)
  region size 1024K, 5 young (5120K), 5 survivors (5120K)
 Metaspace       used 76281K, committed 77184K, reserved 557056K
  class space    used 10703K, committed 11136K, reserved 425984K
}
Event: 64.684 GC heap before
{Heap before GC invocations=53 (full 0):
 garbage-first heap   total 150528K, used 96273K [0x0000000080000000, 0x0000000100000000)
  region size 1024K, 7 young (7168K), 5 survivors (5120K)
 Metaspace       used 76471K, committed 77376K, reserved 557056K
  class space    used 10717K, committed 11136K, reserved 425984K
}
Event: 64.693 GC heap after
{Heap after GC invocations=54 (full 0):
 garbage-first heap   total 150528K, used 93788K [0x0000000080000000, 0x0000000100000000)
  region size 1024K, 1 young (1024K), 1 survivors (1024K)
 Metaspace       used 76471K, committed 77376K, reserved 557056K
  class space    used 10717K, committed 11136K, reserved 425984K
}
Event: 65.625 GC heap before
{Heap before GC invocations=54 (full 0):
 garbage-first heap   total 150528K, used 124508K [0x0000000080000000, 0x0000000100000000)
  region size 1024K, 32 young (32768K), 1 survivors (1024K)
 Metaspace       used 79756K, committed 80704K, reserved 557056K
  class space    used 11018K, committed 11456K, reserved 425984K
}
Event: 65.627 GC heap after
{Heap after GC invocations=55 (full 0):
 garbage-first heap   total 150528K, used 94247K [0x0000000080000000, 0x0000000100000000)
  region size 1024K, 1 young (1024K), 1 survivors (1024K)
 Metaspace       used 79756K, committed 80704K, reserved 557056K
  class space    used 11018K, committed 11456K, reserved 425984K
}
Event: 66.481 GC heap before
{Heap before GC invocations=55 (full 0):
 garbage-first heap   total 150528K, used 109607K [0x0000000080000000, 0x0000000100000000)
  region size 1024K, 17 young (17408K), 1 survivors (1024K)
 Metaspace       used 81839K, committed 82816K, reserved 557056K
  class space    used 11262K, committed 11712K, reserved 425984K
}
Event: 66.485 GC heap after
{Heap after GC invocations=56 (full 0):
 garbage-first heap   total 150528K, used 96115K [0x0000000080000000, 0x0000000100000000)
  region size 1024K, 3 young (3072K), 3 survivors (3072K)
 Metaspace       used 81839K, committed 82816K, reserved 557056K
  class space    used 11262K, committed 11712K, reserved 425984K
}
Event: 66.498 GC heap before
{Heap before GC invocations=56 (full 0):
 garbage-first heap   total 150528K, used 100211K [0x0000000080000000, 0x0000000100000000)
  region size 1024K, 7 young (7168K), 3 survivors (3072K)
 Metaspace       used 81839K, committed 82816K, reserved 557056K
  class space    used 11262K, committed 11712K, reserved 425984K
}
Event: 66.503 GC heap after
{Heap after GC invocations=57 (full 0):
 garbage-first heap   total 150528K, used 99189K [0x0000000080000000, 0x0000000100000000)
  region size 1024K, 4 young (4096K), 4 survivors (4096K)
 Metaspace       used 81839K, committed 82816K, reserved 557056K
  class space    used 11262K, committed 11712K, reserved 425984K
}
Event: 66.504 GC heap before
{Heap before GC invocations=57 (full 0):
 garbage-first heap   total 150528K, used 100213K [0x0000000080000000, 0x0000000100000000)
  region size 1024K, 5 young (5120K), 4 survivors (4096K)
 Metaspace       used 81839K, committed 82816K, reserved 557056K
  class space    used 11262K, committed 11712K, reserved 425984K
}
Event: 66.510 GC heap after
{Heap after GC invocations=58 (full 0):
 garbage-first heap   total 301056K, used 99313K [0x0000000080000000, 0x0000000100000000)
  region size 1024K, 0 young (0K), 0 survivors (0K)
 Metaspace       used 81839K, committed 82816K, reserved 557056K
  class space    used 11262K, committed 11712K, reserved 425984K
}
Event: 66.596 GC heap before
{Heap before GC invocations=58 (full 0):
 garbage-first heap   total 301056K, used 107505K [0x0000000080000000, 0x0000000100000000)
  region size 1024K, 7 young (7168K), 0 survivors (0K)
 Metaspace       used 81844K, committed 82816K, reserved 557056K
  class space    used 11262K, committed 11712K, reserved 425984K
}
Event: 66.598 GC heap after
{Heap after GC invocations=59 (full 0):
 garbage-first heap   total 301056K, used 100205K [0x0000000080000000, 0x0000000100000000)
  region size 1024K, 1 young (1024K), 1 survivors (1024K)
 Metaspace       used 81844K, committed 82816K, reserved 557056K
  class space    used 11262K, committed 11712K, reserved 425984K
}
Event: 69.906 GC heap before
{Heap before GC invocations=60 (full 0):
 garbage-first heap   total 301056K, used 210797K [0x0000000080000000, 0x0000000100000000)
  region size 1024K, 109 young (111616K), 1 survivors (1024K)
 Metaspace       used 90118K, committed 91072K, reserved 557056K
  class space    used 12372K, committed 12800K, reserved 425984K
}
Event: 69.919 GC heap after
{Heap after GC invocations=61 (full 0):
 garbage-first heap   total 301056K, used 103773K [0x0000000080000000, 0x0000000100000000)
  region size 1024K, 6 young (6144K), 6 survivors (6144K)
 Metaspace       used 90118K, committed 91072K, reserved 557056K
  class space    used 12372K, committed 12800K, reserved 425984K
}
Event: 70.172 GC heap before
{Heap before GC invocations=61 (full 0):
 garbage-first heap   total 301056K, used 111965K [0x0000000080000000, 0x0000000100000000)
  region size 1024K, 14 young (14336K), 6 survivors (6144K)
 Metaspace       used 90772K, committed 91712K, reserved 557056K
  class space    used 12475K, committed 12928K, reserved 425984K
}
Event: 70.187 GC heap after
{Heap after GC invocations=62 (full 0):
 garbage-first heap   total 301056K, used 102608K [0x0000000080000000, 0x0000000100000000)
  region size 1024K, 1 young (1024K), 1 survivors (1024K)
 Metaspace       used 90772K, committed 91712K, reserved 557056K
  class space    used 12475K, committed 12928K, reserved 425984K
}

